<?xml version="1.0" encoding="UTF-8"?>
<!-- Generated by org.testng.reporters.JUnitXMLReporter -->
<testsuite hostname="PAWARP01" name="Test" tests="5" failures="3" timestamp="2 Nov 2018 12:19:28 GMT" time="16.847" errors="0">
  <testcase name="TC_01_launchBrowser" time="10.272" classname="com.test.DriverTest">
    <failure type="java.lang.NoClassDefFoundError" message="org/openqa/selenium/WrapsDriver">
      <![CDATA[java.lang.NoClassDefFoundError: org/openqa/selenium/WrapsDriver
	at java.lang.ClassLoader.defineClass1(Native Method)
	at java.lang.ClassLoader.defineClass(ClassLoader.java:763)
	at java.security.SecureClassLoader.defineClass(SecureClassLoader.java:142)
	at java.net.URLClassLoader.defineClass(URLClassLoader.java:467)
	at java.net.URLClassLoader.access$100(URLClassLoader.java:73)
	at java.net.URLClassLoader$1.run(URLClassLoader.java:368)
	at java.net.URLClassLoader$1.run(URLClassLoader.java:362)
	at java.security.AccessController.doPrivileged(Native Method)
	at java.net.URLClassLoader.findClass(URLClassLoader.java:361)
	at java.lang.ClassLoader.loadClass(ClassLoader.java:424)
	at sun.misc.Launcher$AppClassLoader.loadClass(Launcher.java:331)
	at java.lang.ClassLoader.loadClass(ClassLoader.java:357)
	at org.openqa.selenium.htmlunit.HtmlUnitDriver.toWebElement(HtmlUnitDriver.java:1211)
	at org.openqa.selenium.htmlunit.HtmlUnitDriver.findElementByXPath(HtmlUnitDriver.java:1411)
	at org.openqa.selenium.By$ByXPath.findElement(By.java:353)
	at org.openqa.selenium.htmlunit.HtmlUnitDriver$4.call(HtmlUnitDriver.java:2024)
	at org.openqa.selenium.htmlunit.HtmlUnitDriver$4.call(HtmlUnitDriver.java:2020)
	at org.openqa.selenium.htmlunit.HtmlUnitDriver.implicitlyWaitFor(HtmlUnitDriver.java:1646)
	at org.openqa.selenium.htmlunit.HtmlUnitDriver.findElement(HtmlUnitDriver.java:2020)
	at org.openqa.selenium.htmlunit.HtmlUnitDriver.findElement(HtmlUnitDriver.java:798)
	at com.test.DriverTest.TC_01_launchBrowser(DriverTest.java:93)
Caused by: java.lang.ClassNotFoundException: org.openqa.selenium.WrapsDriver
	at java.net.URLClassLoader.findClass(URLClassLoader.java:381)
	at java.lang.ClassLoader.loadClass(ClassLoader.java:424)
	at sun.misc.Launcher$AppClassLoader.loadClass(Launcher.java:331)
	at java.lang.ClassLoader.loadClass(ClassLoader.java:357)
	... 45 more
... Removed 24 stack frames]]>
    </failure>
  </testcase> <!-- TC_01_launchBrowser -->
  <testcase name="TC_01_launchBrowser" time="6.493" classname="com.test.DriverTest">
    <failure type="java.lang.NoClassDefFoundError" message="org/openqa/selenium/htmlunit/HtmlUnitWebElement">
      <![CDATA[java.lang.NoClassDefFoundError: org/openqa/selenium/htmlunit/HtmlUnitWebElement
	at org.openqa.selenium.htmlunit.HtmlUnitDriver.toWebElement(HtmlUnitDriver.java:1211)
	at org.openqa.selenium.htmlunit.HtmlUnitDriver.findElementByXPath(HtmlUnitDriver.java:1411)
	at org.openqa.selenium.By$ByXPath.findElement(By.java:353)
	at org.openqa.selenium.htmlunit.HtmlUnitDriver$4.call(HtmlUnitDriver.java:2024)
	at org.openqa.selenium.htmlunit.HtmlUnitDriver$4.call(HtmlUnitDriver.java:2020)
	at org.openqa.selenium.htmlunit.HtmlUnitDriver.implicitlyWaitFor(HtmlUnitDriver.java:1646)
	at org.openqa.selenium.htmlunit.HtmlUnitDriver.findElement(HtmlUnitDriver.java:2020)
	at org.openqa.selenium.htmlunit.HtmlUnitDriver.findElement(HtmlUnitDriver.java:798)
	at com.test.DriverTest.TC_01_launchBrowser(DriverTest.java:93)
... Removed 24 stack frames]]>
    </failure>
  </testcase> <!-- TC_01_launchBrowser -->
  <testcase name="TC_02_closeBrowser" time="0.002" classname="com.test.DriverTest">
    <failure type="java.lang.NullPointerException">
      <![CDATA[java.lang.NullPointerException
	at com.framework.Driver.closeBrowser(Driver.java:47)
	at com.test.DriverTest.TC_02_closeBrowser(DriverTest.java:115)
... Removed 24 stack frames]]>
    </failure>
  </testcase> <!-- TC_02_closeBrowser -->
  <testcase name="TC_03_f" time="0.002" classname="com.test.DriverTest"/>
  <testcase name="TC_03_f" time="0.004" classname="com.test.DriverTest"/>
</testsuite> <!-- Test -->
