<?xml version="1.0" encoding="UTF-8"?>
<testng-results skipped="0" failed="2" total="4" passed="2">
  <reporter-output>
  </reporter-output>
  <suite name="Suite" duration-ms="33" started-at="2018-07-05T04:45:27Z" finished-at="2018-07-05T04:45:27Z">
    <groups>
    </groups>
    <test name="Test" duration-ms="33" started-at="2018-07-05T04:45:27Z" finished-at="2018-07-05T04:45:27Z">
      <class name="com.test.DriverTest">
        <test-method status="PASS" signature="beforeSuite()[pri:0, instance:com.test.DriverTest@9d209a]" name="beforeSuite" is-config="true" duration-ms="12" started-at="2018-07-05T10:15:27Z" finished-at="2018-07-05T10:15:27Z">
          <reporter-output>
          </reporter-output>
        </test-method> <!-- beforeSuite -->
        <test-method status="PASS" signature="beforeTest()[pri:0, instance:com.test.DriverTest@9d209a]" name="beforeTest" is-config="true" duration-ms="0" started-at="2018-07-05T10:15:27Z" finished-at="2018-07-05T10:15:27Z">
          <reporter-output>
          </reporter-output>
        </test-method> <!-- beforeTest -->
        <test-method status="PASS" signature="beforeClass()[pri:0, instance:com.test.DriverTest@9d209a]" name="beforeClass" is-config="true" duration-ms="0" started-at="2018-07-05T10:15:27Z" finished-at="2018-07-05T10:15:27Z">
          <reporter-output>
          </reporter-output>
        </test-method> <!-- beforeClass -->
        <test-method status="FAIL" signature="closeBrowser()[pri:0, instance:com.test.DriverTest@9d209a]" name="closeBrowser" duration-ms="5" started-at="2018-07-05T10:15:27Z" data-provider="dp" finished-at="2018-07-05T10:15:27Z">
          <exception class="org.testng.TestNGException">
            <message>
              <![CDATA[
The data provider is trying to pass 2 parameters but the method com.test.DriverTest#closeBrowser takes 0]]>
            </message>
            <full-stacktrace>
              <![CDATA[org.testng.TestNGException: 
The data provider is trying to pass 2 parameters but the method com.test.DriverTest#closeBrowser takes 0
	at org.testng.internal.Invoker.injectParameters(Invoker.java:1229)
	at org.testng.internal.Invoker.invokeTestMethods(Invoker.java:1122)
	at org.testng.internal.TestMethodWorker.invokeTestMethods(TestMethodWorker.java:129)
	at org.testng.internal.TestMethodWorker.run(TestMethodWorker.java:112)
	at org.testng.TestRunner.privateRun(TestRunner.java:782)
	at org.testng.TestRunner.run(TestRunner.java:632)
	at org.testng.SuiteRunner.runTest(SuiteRunner.java:366)
	at org.testng.SuiteRunner.runSequentially(SuiteRunner.java:361)
	at org.testng.SuiteRunner.privateRun(SuiteRunner.java:319)
	at org.testng.SuiteRunner.run(SuiteRunner.java:268)
	at org.testng.SuiteRunnerWorker.runSuite(SuiteRunnerWorker.java:52)
	at org.testng.SuiteRunnerWorker.run(SuiteRunnerWorker.java:86)
	at org.testng.TestNG.runSuitesSequentially(TestNG.java:1244)
	at org.testng.TestNG.runSuitesLocally(TestNG.java:1169)
	at org.testng.TestNG.run(TestNG.java:1064)
	at org.testng.remote.RemoteTestNG.run(RemoteTestNG.java:113)
	at org.testng.remote.RemoteTestNG.initAndRun(RemoteTestNG.java:206)
	at org.testng.remote.RemoteTestNG.main(RemoteTestNG.java:177)
]]>
            </full-stacktrace>
          </exception> <!-- org.testng.TestNGException -->
          <reporter-output>
          </reporter-output>
        </test-method> <!-- closeBrowser -->
        <test-method status="PASS" signature="beforeMethod()[pri:0, instance:com.test.DriverTest@9d209a]" name="beforeMethod" is-config="true" duration-ms="0" started-at="2018-07-05T10:15:27Z" finished-at="2018-07-05T10:15:27Z">
          <reporter-output>
          </reporter-output>
        </test-method> <!-- beforeMethod -->
        <test-method status="PASS" signature="f(java.lang.Integer, java.lang.String)[pri:0, instance:com.test.DriverTest@9d209a]" name="f" duration-ms="2" started-at="2018-07-05T10:15:27Z" data-provider="dp" finished-at="2018-07-05T10:15:27Z">
          <params>
            <param index="0">
              <value>
                <![CDATA[1]]>
              </value>
            </param>
            <param index="1">
              <value>
                <![CDATA[a]]>
              </value>
            </param>
          </params>
          <reporter-output>
          </reporter-output>
        </test-method> <!-- f -->
        <test-method status="PASS" signature="afterMethod()[pri:0, instance:com.test.DriverTest@9d209a]" name="afterMethod" is-config="true" duration-ms="1" started-at="2018-07-05T10:15:27Z" finished-at="2018-07-05T10:15:27Z">
          <reporter-output>
          </reporter-output>
        </test-method> <!-- afterMethod -->
        <test-method status="PASS" signature="beforeMethod()[pri:0, instance:com.test.DriverTest@9d209a]" name="beforeMethod" is-config="true" duration-ms="0" started-at="2018-07-05T10:15:27Z" finished-at="2018-07-05T10:15:27Z">
          <reporter-output>
          </reporter-output>
        </test-method> <!-- beforeMethod -->
        <test-method status="PASS" signature="f(java.lang.Integer, java.lang.String)[pri:0, instance:com.test.DriverTest@9d209a]" name="f" duration-ms="1" started-at="2018-07-05T10:15:27Z" data-provider="dp" finished-at="2018-07-05T10:15:27Z">
          <params>
            <param index="0">
              <value>
                <![CDATA[2]]>
              </value>
            </param>
            <param index="1">
              <value>
                <![CDATA[b]]>
              </value>
            </param>
          </params>
          <reporter-output>
          </reporter-output>
        </test-method> <!-- f -->
        <test-method status="PASS" signature="afterMethod()[pri:0, instance:com.test.DriverTest@9d209a]" name="afterMethod" is-config="true" duration-ms="1" started-at="2018-07-05T10:15:27Z" finished-at="2018-07-05T10:15:27Z">
          <reporter-output>
          </reporter-output>
        </test-method> <!-- afterMethod -->
        <test-method status="FAIL" signature="launchBrowser()[pri:0, instance:com.test.DriverTest@9d209a]" name="launchBrowser" duration-ms="0" started-at="2018-07-05T10:15:27Z" data-provider="dp" finished-at="2018-07-05T10:15:27Z">
          <exception class="org.testng.TestNGException">
            <message>
              <![CDATA[
The data provider is trying to pass 2 parameters but the method com.test.DriverTest#launchBrowser takes 0]]>
            </message>
            <full-stacktrace>
              <![CDATA[org.testng.TestNGException: 
The data provider is trying to pass 2 parameters but the method com.test.DriverTest#launchBrowser takes 0
	at org.testng.internal.Invoker.injectParameters(Invoker.java:1229)
	at org.testng.internal.Invoker.invokeTestMethods(Invoker.java:1122)
	at org.testng.internal.TestMethodWorker.invokeTestMethods(TestMethodWorker.java:129)
	at org.testng.internal.TestMethodWorker.run(TestMethodWorker.java:112)
	at org.testng.TestRunner.privateRun(TestRunner.java:782)
	at org.testng.TestRunner.run(TestRunner.java:632)
	at org.testng.SuiteRunner.runTest(SuiteRunner.java:366)
	at org.testng.SuiteRunner.runSequentially(SuiteRunner.java:361)
	at org.testng.SuiteRunner.privateRun(SuiteRunner.java:319)
	at org.testng.SuiteRunner.run(SuiteRunner.java:268)
	at org.testng.SuiteRunnerWorker.runSuite(SuiteRunnerWorker.java:52)
	at org.testng.SuiteRunnerWorker.run(SuiteRunnerWorker.java:86)
	at org.testng.TestNG.runSuitesSequentially(TestNG.java:1244)
	at org.testng.TestNG.runSuitesLocally(TestNG.java:1169)
	at org.testng.TestNG.run(TestNG.java:1064)
	at org.testng.remote.RemoteTestNG.run(RemoteTestNG.java:113)
	at org.testng.remote.RemoteTestNG.initAndRun(RemoteTestNG.java:206)
	at org.testng.remote.RemoteTestNG.main(RemoteTestNG.java:177)
]]>
            </full-stacktrace>
          </exception> <!-- org.testng.TestNGException -->
          <reporter-output>
          </reporter-output>
        </test-method> <!-- launchBrowser -->
        <test-method status="PASS" signature="afterClass()[pri:0, instance:com.test.DriverTest@9d209a]" name="afterClass" is-config="true" duration-ms="0" started-at="2018-07-05T10:15:27Z" finished-at="2018-07-05T10:15:27Z">
          <reporter-output>
          </reporter-output>
        </test-method> <!-- afterClass -->
        <test-method status="PASS" signature="afterTest()[pri:0, instance:com.test.DriverTest@9d209a]" name="afterTest" is-config="true" duration-ms="1" started-at="2018-07-05T10:15:27Z" finished-at="2018-07-05T10:15:27Z">
          <reporter-output>
          </reporter-output>
        </test-method> <!-- afterTest -->
        <test-method status="PASS" signature="afterSuite()[pri:0, instance:com.test.DriverTest@9d209a]" name="afterSuite" is-config="true" duration-ms="0" started-at="2018-07-05T10:15:27Z" finished-at="2018-07-05T10:15:27Z">
          <reporter-output>
          </reporter-output>
        </test-method> <!-- afterSuite -->
      </class> <!-- com.test.DriverTest -->
    </test> <!-- Test -->
  </suite> <!-- Suite -->
</testng-results>
